# JRE version: OpenJDK Runtime Environment (11.0.12+7) (build 11.0.12+7-b1504.28-7817840)
# Java VM: OpenJDK 64-Bit Server VM (11.0.12+7-b1504.28-7817840, mixed mode, tiered, compressed oops, g1 gc, windows-amd64)
Heap:
 garbage-first heap   total 1166336K, used 167172K [0x0000000080000000, 0x0000000100000000)
  region size 1024K, 6 young (6144K), 6 survivors (6144K)
 Metaspace       used 149175K, capacity 152872K, committed 153292K, reserved 1183744K
  class space    used 18114K, capacity 19486K, committed 19660K, reserved 1048576K
GC Heap History (20 events):
Event: 6605.481 GC heap after
{Heap after GC invocations=140 (full 0):
 garbage-first heap   total 545792K, used 162304K [0x0000000080000000, 0x0000000100000000)
  region size 1024K, 4 young (4096K), 4 survivors (4096K)
 Metaspace       used 148332K, capacity 152145K, committed 152268K, reserved 1181696K
  class space    used 18132K, capacity 19559K, committed 19660K, reserved 1048576K
}
Event: 6605.600 GC heap before
{Heap before GC invocations=140 (full 0):
 garbage-first heap   total 545792K, used 184832K [0x0000000080000000, 0x0000000100000000)
  region size 1024K, 26 young (26624K), 4 survivors (4096K)
 Metaspace       used 148484K, capacity 152313K, committed 152524K, reserved 1181696K
  class space    used 18149K, capacity 19591K, committed 19660K, reserved 1048576K
}
Event: 6605.608 GC heap after
{Heap after GC invocations=141 (full 0):
 garbage-first heap   total 545792K, used 163264K [0x0000000080000000, 0x0000000100000000)
  region size 1024K, 4 young (4096K), 4 survivors (4096K)
 Metaspace       used 148484K, capacity 152313K, committed 152524K, reserved 1181696K
  class space    used 18149K, capacity 19591K, committed 19660K, reserved 1048576K
}
Event: 6605.835 GC heap before
{Heap before GC invocations=141 (full 0):
 garbage-first heap   total 545792K, used 185792K [0x0000000080000000, 0x0000000100000000)
  region size 1024K, 26 young (26624K), 4 survivors (4096K)
 Metaspace       used 148470K, capacity 152175K, committed 152524K, reserved 1181696K
  class space    used 18102K, capacity 19486K, committed 19660K, reserved 1048576K
}
Event: 6605.840 GC heap after
{Heap after GC invocations=142 (full 0):
 garbage-first heap   total 545792K, used 163500K [0x0000000080000000, 0x0000000100000000)
  region size 1024K, 2 young (2048K), 2 survivors (2048K)
 Metaspace       used 148470K, capacity 152175K, committed 152524K, reserved 1181696K
  class space    used 18102K, capacity 19486K, committed 19660K, reserved 1048576K
}
Event: 6605.967 GC heap before
{Heap before GC invocations=143 (full 0):
 garbage-first heap   total 545792K, used 188076K [0x0000000080000000, 0x0000000100000000)
  region size 1024K, 26 young (26624K), 2 survivors (2048K)
 Metaspace       used 148664K, capacity 152410K, committed 152780K, reserved 1181696K
  class space    used 18112K, capacity 19499K, committed 19660K, reserved 1048576K
}
Event: 6605.972 GC heap after
{Heap after GC invocations=144 (full 0):
 garbage-first heap   total 545792K, used 163617K [0x0000000080000000, 0x0000000100000000)
  region size 1024K, 3 young (3072K), 3 survivors (3072K)
 Metaspace       used 148664K, capacity 152410K, committed 152780K, reserved 1181696K
  class space    used 18112K, capacity 19499K, committed 19660K, reserved 1048576K
}
Event: 6606.103 GC heap before
{Heap before GC invocations=144 (full 0):
 garbage-first heap   total 545792K, used 193313K [0x0000000080000000, 0x0000000100000000)
  region size 1024K, 32 young (32768K), 3 survivors (3072K)
 Metaspace       used 148774K, capacity 152477K, committed 152780K, reserved 1181696K
  class space    used 18113K, capacity 19499K, committed 19660K, reserved 1048576K
}
Event: 6606.117 GC heap after
{Heap after GC invocations=145 (full 0):
 garbage-first heap   total 545792K, used 163817K [0x0000000080000000, 0x0000000100000000)
  region size 1024K, 3 young (3072K), 3 survivors (3072K)
 Metaspace       used 148774K, capacity 152477K, committed 152780K, reserved 1181696K
  class space    used 18113K, capacity 19499K, committed 19660K, reserved 1048576K
}
Event: 6606.287 GC heap before
{Heap before GC invocations=145 (full 0):
 garbage-first heap   total 545792K, used 200681K [0x0000000080000000, 0x0000000100000000)
  region size 1024K, 39 young (39936K), 3 survivors (3072K)
 Metaspace       used 148853K, capacity 152543K, committed 153036K, reserved 1183744K
  class space    used 18115K, capacity 19499K, committed 19660K, reserved 1048576K
}
Event: 6606.291 GC heap after
{Heap after GC invocations=146 (full 0):
 garbage-first heap   total 545792K, used 164466K [0x0000000080000000, 0x0000000100000000)
  region size 1024K, 3 young (3072K), 3 survivors (3072K)
 Metaspace       used 148853K, capacity 152543K, committed 153036K, reserved 1183744K
  class space    used 18115K, capacity 19499K, committed 19660K, reserved 1048576K
}
Event: 6606.716 GC heap before
{Heap before GC invocations=147 (full 0):
 garbage-first heap   total 545792K, used 283250K [0x0000000080000000, 0x0000000100000000)
  region size 1024K, 119 young (121856K), 3 survivors (3072K)
 Metaspace       used 148891K, capacity 152613K, committed 153036K, reserved 1183744K
  class space    used 18102K, capacity 19474K, committed 19660K, reserved 1048576K
}
Event: 6606.721 GC heap after
{Heap after GC invocations=148 (full 0):
 garbage-first heap   total 545792K, used 164524K [0x0000000080000000, 0x0000000100000000)
  region size 1024K, 3 young (3072K), 3 survivors (3072K)
 Metaspace       used 148891K, capacity 152613K, committed 153036K, reserved 1183744K
  class space    used 18102K, capacity 19474K, committed 19660K, reserved 1048576K
}
Event: 6606.895 GC heap before
{Heap before GC invocations=148 (full 0):
 garbage-first heap   total 545792K, used 220844K [0x0000000080000000, 0x0000000100000000)
  region size 1024K, 58 young (59392K), 3 survivors (3072K)
 Metaspace       used 148923K, capacity 152617K, committed 153036K, reserved 1183744K
  class space    used 18105K, capacity 19475K, committed 19660K, reserved 1048576K
}
Event: 6606.901 GC heap after
{Heap after GC invocations=149 (full 0):
 garbage-first heap   total 545792K, used 164796K [0x0000000080000000, 0x0000000100000000)
  region size 1024K, 4 young (4096K), 4 survivors (4096K)
 Metaspace       used 148923K, capacity 152617K, committed 153036K, reserved 1183744K
  class space    used 18105K, capacity 19475K, committed 19660K, reserved 1048576K
}
Event: 6607.338 GC heap before
{Heap before GC invocations=150 (full 0):
 garbage-first heap   total 545792K, used 291772K [0x0000000080000000, 0x0000000100000000)
  region size 1024K, 128 young (131072K), 4 survivors (4096K)
 Metaspace       used 149001K, capacity 152701K, committed 153036K, reserved 1183744K
  class space    used 18110K, capacity 19480K, committed 19660K, reserved 1048576K
}
Event: 6607.346 GC heap after
{Heap after GC invocations=151 (full 0):
 garbage-first heap   total 545792K, used 165275K [0x0000000080000000, 0x0000000100000000)
  region size 1024K, 4 young (4096K), 4 survivors (4096K)
 Metaspace       used 149001K, capacity 152701K, committed 153036K, reserved 1183744K
  class space    used 18110K, capacity 19480K, committed 19660K, reserved 1048576K
}
Event: 6607.623 GC heap before
{Heap before GC invocations=151 (full 0):
 garbage-first heap   total 545792K, used 256411K [0x0000000080000000, 0x0000000100000000)
  region size 1024K, 93 young (95232K), 4 survivors (4096K)
 Metaspace       used 149017K, capacity 152701K, committed 153036K, reserved 1183744K
  class space    used 18110K, capacity 19480K, committed 19660K, reserved 1048576K
}
Event: 6607.659 GC heap after
{Heap after GC invocations=152 (full 0):
 garbage-first heap   total 545792K, used 165896K [0x0000000080000000, 0x0000000100000000)
  region size 1024K, 5 young (5120K), 5 survivors (5120K)
 Metaspace       used 149017K, capacity 152701K, committed 153036K, reserved 1183744K
  class space    used 18110K, capacity 19480K, committed 19660K, reserved 1048576K
}
Event: 6608.300 GC heap before
{Heap before GC invocations=153 (full 0):
 garbage-first heap   total 545792K, used 313352K [0x0000000080000000, 0x0000000100000000)
  region size 1024K, 149 young (152576K), 5 survivors (5120K)
 Metaspace       used 149175K, capacity 152872K, committed 153292K, reserved 1183744K
  class space    used 18114K, capacity 19486K, committed 19660K, reserved 1048576K
}

